Full command line: -f "10_ENI_2Elmo_1000ms_extended.xml"-i8254x 1 1 -perf -v 0 -dcmmode mastershift -b 1000 

000003 : Run demo now with cycle time 1000 usec
000003 : Using AuxClock
000003 : nVerbose: 0

000003 : Calibrate tsc measurement... done: 3392 MHz
003004 : EC-Master V2.9.2.13 (Protected) for Linux_x64 Copyright acontis technologies GmbH @ 2018
003004 : OsGetLinkLayerRegFunc: try to load '/home/ubuntu/projects/etherCATTest/libemllI8254x.so'
003005 : PCI: device 00:19.0 found
007107 : Unlicensed version, stop sending ethernet frames after 60 minutes!
007182 : prepare
011948 : Cyclic command WKC error on LRW - Address: 0x10000000 - WKC act/set=2/6
011957 : 
011957 : Job times during startup <INIT> to <OP>:
011957 : ============================================================================
011957 : PerfMsmt 'JOB_ProcessAllRxFrames' (min/avg/max) [usec]:    0.5/   8.2/  27.3
011957 : PerfMsmt 'JOB_SendAllCycFrames  ' (min/avg/max) [usec]:    2.5/  13.2/  21.7
011957 : PerfMsmt 'JOB_MasterTimer       ' (min/avg/max) [usec]:    1.3/   6.1/  28.3
011957 : PerfMsmt 'JOB_SendAcycFrames    ' (min/avg/max) [usec]:    0.1/   0.7/  33.1
011957 : PerfMsmt 'Cycle Time            ' (min/avg/max) [usec]:  362.1/ 999.7/1024.5
011957 : PerfMsmt 'myAppWorkPd           ' (min/avg/max) [usec]:    0.2/   1.8/  14.3
011957 : PerfMsmt 'Write DCM logfile     ' (min/avg/max) [usec]:    0.1/   0.3/   9.0
011957 : 
011957 : DCM during startup (<INIT> to <OP>)
